<?xml version="1.0" encoding="UTF-8"?>
<testng-results ignored="0" total="1" passed="1" failed="0" skipped="0">
  <reporter-output>
    <line>
      <![CDATA[Ebay search test is success........]]>
    </line>
  </reporter-output>
  <suite started-at="2022-08-03T13:42:21 IST" name="Default suite" finished-at="2022-08-03T13:42:31 IST" duration-ms="10651">
    <groups>
    </groups>
    <test started-at="2022-08-03T13:42:21 IST" name="Default test" finished-at="2022-08-03T13:42:31 IST" duration-ms="10651">
      <class name="testngdemos.ebayTest">
        <test-method signature="esrarch()[pri:0, instance:testngdemos.ebayTest@49b0b76]" started-at="2022-08-03T13:42:21 IST" name="esrarch" finished-at="2022-08-03T13:42:31 IST" duration-ms="10598" status="PASS">
          <reporter-output>
            <line>
              <![CDATA[Ebay search test is success........]]>
            </line>
          </reporter-output>
        </test-method> <!-- esrarch -->
      </class> <!-- testngdemos.ebayTest -->
    </test> <!-- Default test -->
  </suite> <!-- Default suite -->
</testng-results>
